#-----------------------------------------------------------
# Vivado v2018.3 (64-bit)
# SW Build 2405991 on Thu Dec  6 23:38:27 MST 2018
# IP Build 2404404 on Fri Dec  7 01:43:56 MST 2018
# Start of session at: Tue Dec 21 10:23:50 2021
# Process ID: 3948
# Current directory: C:/Users/JerryYang/Documents/GitHub/ComputerSystem/LogicDesign/Experiment/Exp6/calculator_hex
# Command line: vivado.exe -gui_launcher_event rodinguilauncherevent3240 C:\Users\JerryYang\Documents\GitHub\ComputerSystem\LogicDesign\Experiment\Exp6\calculator_hex\calculator_hex.xpr
# Log file: C:/Users/JerryYang/Documents/GitHub/ComputerSystem/LogicDesign/Experiment/Exp6/calculator_hex/vivado.log
# Journal file: C:/Users/JerryYang/Documents/GitHub/ComputerSystem/LogicDesign/Experiment/Exp6/calculator_hex\vivado.jou
#-----------------------------------------------------------
start_gui
open_project C:/Users/JerryYang/Documents/GitHub/ComputerSystem/LogicDesign/Experiment/Exp6/calculator_hex/calculator_hex.xpr
INFO: [ProjectBase 1-489] The host OS only allows 260 characters in a normal path. The project is stored in a path with more than 80 characters. If you experience issues with IP, Block Designs, or files not being found, please consider moving the project to a location with a shorter path. Alternately consider using the OS subst command to map part of the path to a drive letter.
Current project path is 'C:/Users/JerryYang/Documents/GitHub/ComputerSystem/LogicDesign/Experiment/Exp6/calculator_hex'
ScScanning sources...
Finished scanning sourceINFO: [IP_Flow 19-234] Refreshing IP repositories
INFO: [IP_Flow 19-1704] No user IP repositories specified
INFO: [IP_Flow 19-2313] Loaded Vivado IP repository 'D:/Programs/Xilinx/Vivado/2018.3/data/ip'.
open_project: Time (s): cpu = 00:00:29 ; elapsed = 00:00:14 . Memory (MB): peak = 817.156 ; gain = 158.656
update_compile_order -fileset sources_1
exexit
INFO: [Common 17-206] Exiting Vivado at Tue Dec 21 10:24:35 2021...
