#-----------------------------------------------------------
# Vivado v2018.3 (64-bit)
# SW Build 2405991 on Thu Dec  6 23:38:27 MST 2018
# IP Build 2404404 on Fri Dec  7 01:43:56 MST 2018
# Start of session at: Mon Dec 13 22:52:56 2021
# Process ID: 2384
# Current directory: E:/GitHub/ComputerSystem/LogicDesign/Experiment/Exp6/calculator_hex
# Command line: vivado.exe -gui_launcher_event rodinguilauncherevent14496 E:\GitHub\ComputerSystem\LogicDesign\Experiment\Exp6\calculator_hex\calculator_hex.xpr
# Log file: E:/GitHub/ComputerSystem/LogicDesign/Experiment/Exp6/calculator_hex/vivado.log
# Journal file: E:/GitHub/ComputerSystem/LogicDesign/Experiment/Exp6/calculator_hex\vivado.jou
#-----------------------------------------------------------
start_gui
open_project E:/GitHub/ComputerSystem/LogicDesign/Experiment/Exp6/calculator_hex/calculator_hex.xpr
INFO: [Project 1-313] Project file moved from 'C:/Users/JerryYang/Documents/GitHub/ComputerSystem/LogicDesign/Experiment/Exp6/calculator_hex' since last save.
Scanning sources...
Finished scanning sources
INFO: [IP_Flow 19-234] Refreshing IP repositories
INFO: [IP_Flow 19-1704] No user IP repositories specified
INFO: [IP_Flow 19-2313] Loaded Vivado IP repository 'D:/Programs/Xilinx/Vivado/2018.3/data/ip'.
open_project: Time (s): cpu = 00:00:13 ; elapsed = 00:00:06 . Memory (MB): peak = 829.582 ; gain = 181.441
update_compile_order -fileset sources_1
launch_simulation
INFO: [Vivado 12-5698] Checking validity of IPs in the design for the 'XSim' simulator...
INFO: [Vivado 12-5682] Launching behavioral simulation in 'E:/GitHub/ComputerSystem/LogicDesign/Experiment/Exp6/calculator_hex/calculator_hex.sim/sim_1/behav/xsim'
INFO: [Vivado 12-4795] Using compiled simulation libraries for IPs
INFO: [SIM-utils-51] Simulation object is 'sim_1'
INFO: [USF-XSim-7] Finding pre-compiled libraries...
INFO: [USF-XSim-11] File 'D:/Programs/Xilinx/Vivado/2018.3/data/xsim/xsim.ini' copied to run dir:'E:/GitHub/ComputerSystem/LogicDesign/Experiment/Exp6/calculator_hex/calculator_hex.sim/sim_1/behav/xsim'
INFO: [SIM-utils-54] Inspecting design source files for 'testbench' in fileset 'sim_1'...
INFO: [USF-XSim-97] Finding global include files...
INFO: [USF-XSim-98] Fetching design files from 'sim_1'...
INFO: [USF-XSim-2] XSim::Compile design
INFO: [USF-XSim-61] Executing 'COMPILE and ANALYZE' step in 'E:/GitHub/ComputerSystem/LogicDesign/Experiment/Exp6/calculator_hex/calculator_hex.sim/sim_1/behav/xsim'
"xvlog --incr --relax -prj testbench_vlog.prj"
INFO: [VRFC 10-2263] Analyzing Verilog file "E:/GitHub/ComputerSystem/LogicDesign/Experiment/Exp6/calculator_hex/calculator_hex.srcs/sources_1/ip/clk_div/clk_div_clk_wiz.v" into library xil_defaultlib
INFO: [VRFC 10-311] analyzing module clk_div_clk_wiz
INFO: [VRFC 10-2263] Analyzing Verilog file "E:/GitHub/ComputerSystem/LogicDesign/Experiment/Exp6/calculator_hex/calculator_hex.srcs/sources_1/ip/clk_div/clk_div.v" into library xil_defaultlib
INFO: [VRFC 10-311] analyzing module clk_div
INFO: [VRFC 10-2263] Analyzing Verilog file "E:/GitHub/ComputerSystem/LogicDesign/Experiment/Exp6/calculator_hex/calculator_hex.srcs/sources_1/imports/tmp_file/calculator_display.v" into library xil_defaultlib
INFO: [VRFC 10-311] analyzing module calculator_display
INFO: [VRFC 10-2263] Analyzing Verilog file "E:/GitHub/ComputerSystem/LogicDesign/Experiment/Exp6/calculator_hex/calculator_hex.srcs/sources_1/imports/tmp_file/calculator_hex.v" into library xil_defaultlib
INFO: [VRFC 10-311] analyzing module calculator_hex
INFO: [VRFC 10-2263] Analyzing Verilog file "E:/GitHub/ComputerSystem/LogicDesign/Experiment/Exp6/calculator_hex/calculator_hex.srcs/sources_1/imports/Exp6/calculator_top.v" into library xil_defaultlib
INFO: [VRFC 10-311] analyzing module calculator_top
INFO: [VRFC 10-2458] undeclared symbol locked, assumed default net type wire [E:/GitHub/ComputerSystem/LogicDesign/Experiment/Exp6/calculator_hex/calculator_hex.srcs/sources_1/imports/Exp6/calculator_top.v:26]
INFO: [VRFC 10-2263] Analyzing Verilog file "E:/GitHub/ComputerSystem/LogicDesign/Experiment/Exp6/calculator_hex/calculator_hex.srcs/sim_1/imports/Exp6/testbench.v" into library xil_defaultlib
INFO: [VRFC 10-311] analyzing module testbench
INFO: [VRFC 10-2458] undeclared symbol led_en, assumed default net type wire [E:/GitHub/ComputerSystem/LogicDesign/Experiment/Exp6/calculator_hex/calculator_hex.srcs/sim_1/imports/Exp6/testbench.v:163]
INFO: [VRFC 10-2458] undeclared symbol led_ca, assumed default net type wire [E:/GitHub/ComputerSystem/LogicDesign/Experiment/Exp6/calculator_hex/calculator_hex.srcs/sim_1/imports/Exp6/testbench.v:164]
INFO: [VRFC 10-2458] undeclared symbol led_cb, assumed default net type wire [E:/GitHub/ComputerSystem/LogicDesign/Experiment/Exp6/calculator_hex/calculator_hex.srcs/sim_1/imports/Exp6/testbench.v:165]
INFO: [VRFC 10-2458] undeclared symbol led_cc, assumed default net type wire [E:/GitHub/ComputerSystem/LogicDesign/Experiment/Exp6/calculator_hex/calculator_hex.srcs/sim_1/imports/Exp6/testbench.v:166]
INFO: [VRFC 10-2458] undeclared symbol led_cd, assumed default net type wire [E:/GitHub/ComputerSystem/LogicDesign/Experiment/Exp6/calculator_hex/calculator_hex.srcs/sim_1/imports/Exp6/testbench.v:167]
INFO: [VRFC 10-2458] undeclared symbol led_ce, assumed default net type wire [E:/GitHub/ComputerSystem/LogicDesign/Experiment/Exp6/calculator_hex/calculator_hex.srcs/sim_1/imports/Exp6/testbench.v:168]
INFO: [VRFC 10-2458] undeclared symbol led_cf, assumed default net type wire [E:/GitHub/ComputerSystem/LogicDesign/Experiment/Exp6/calculator_hex/calculator_hex.srcs/sim_1/imports/Exp6/testbench.v:169]
INFO: [VRFC 10-2458] undeclared symbol led_cg, assumed default net type wire [E:/GitHub/ComputerSystem/LogicDesign/Experiment/Exp6/calculator_hex/calculator_hex.srcs/sim_1/imports/Exp6/testbench.v:170]
INFO: [VRFC 10-2458] undeclared symbol led_dp, assumed default net type wire [E:/GitHub/ComputerSystem/LogicDesign/Experiment/Exp6/calculator_hex/calculator_hex.srcs/sim_1/imports/Exp6/testbench.v:171]
INFO: [VRFC 10-2263] Analyzing Verilog file "E:/GitHub/ComputerSystem/LogicDesign/Experiment/Exp6/calculator_hex/calculator_hex.sim/sim_1/behav/xsim/glbl.v" into library xil_defaultlib
INFO: [VRFC 10-311] analyzing module glbl
INFO: [USF-XSim-69] 'compile' step finished in '1' seconds
INFO: [USF-XSim-3] XSim::Elaborate design
INFO: [USF-XSim-61] Executing 'ELABORATE' step in 'E:/GitHub/ComputerSystem/LogicDesign/Experiment/Exp6/calculator_hex/calculator_hex.sim/sim_1/behav/xsim'
Vivado Simulator 2018.3
Copyright 1986-1999, 2001-2018 Xilinx, Inc. All Rights Reserved.
Running: D:/Programs/Xilinx/Vivado/2018.3/bin/unwrapped/win64.o/xelab.exe -wto 3b9614f7898a47feba72a45d3af943fa --incr --debug typical --relax --mt 2 -L xil_defaultlib -L unisims_ver -L unimacro_ver -L secureip -L xpm --snapshot testbench_behav xil_defaultlib.testbench xil_defaultlib.glbl -log elaborate.log 
Using 2 slave threads.
Starting static elaboration
WARNING: [VRFC 10-3091] actual bit length 1 differs from formal bit length 8 for port 'led_en' [E:/GitHub/ComputerSystem/LogicDesign/Experiment/Exp6/calculator_hex/calculator_hex.srcs/sim_1/imports/Exp6/testbench.v:163]
Completed static elaboration
Starting simulation data flow analysis
Completed simulation data flow analysis
Time Resolution for simulation is 1ps
Compiling module unisims_ver.IBUF
Compiling module unisims_ver.MMCME2_ADV(CLKFBOUT_MULT_F=8.5,C...
Compiling module unisims_ver.BUFG
Compiling module xil_defaultlib.clk_div_clk_wiz
Compiling module xil_defaultlib.clk_div
Compiling module xil_defaultlib.calculator_hex
Compiling module xil_defaultlib.calculator_display
Compiling module xil_defaultlib.calculator_top
Compiling module xil_defaultlib.testbench
Compiling module xil_defaultlib.glbl
Built simulation snapshot testbench_behav
INFO: [USF-XSim-69] 'elaborate' step finished in '2' seconds
INFO: [USF-XSim-4] XSim::Simulate design
INFO: [USF-XSim-61] Executing 'SIMULATE' step in 'E:/GitHub/ComputerSystem/LogicDesign/Experiment/Exp6/calculator_hex/calculator_hex.sim/sim_1/behav/xsim'
INFO: [USF-XSim-98] *** Running xsim
   with args "testbench_behav -key {Behavioral:sim_1:Functional:testbench} -tclbatch {testbench.tcl} -view {E:/GitHub/ComputerSystem/LogicDesign/Experiment/Exp6/calculator_hex/testbench_behav.wcfg} -log {simulate.log}"
INFO: [USF-XSim-8] Loading simulator feature
Vivado Simulator 2018.3
Time resolution is 1 ps
open_wave_config E:/GitHub/ComputerSystem/LogicDesign/Experiment/Exp6/calculator_hex/testbench_behav.wcfg
source testbench.tcl
# set curr_wave [current_wave_config]
# if { [string length $curr_wave] == 0 } {
#   if { [llength [get_objects]] > 0} {
#     add_wave /
#     set_property needs_save false [current_wave_config]
#   } else {
#      send_msg_id Add_Wave-1 WARNING "No top level signals found. Simulator will start without a wave window. If you want to open a wave window go to 'File->New Waveform Configuration' or type 'create_wave_config' in the TCL console."
#   }
# }
# log_wave -r /
# run 10000ns
index 6 finished
====================================
Test end!
----PASS!!!
$finish called at time : 6655 ns : File "E:/GitHub/ComputerSystem/LogicDesign/Experiment/Exp6/calculator_hex/calculator_hex.srcs/sim_1/imports/Exp6/testbench.v" Line 139
INFO: [USF-XSim-96] XSim completed. Design snapshot 'testbench_behav' loaded.
INFO: [USF-XSim-97] XSim simulation ran for 10000ns
launch_simulation: Time (s): cpu = 00:00:09 ; elapsed = 00:00:08 . Memory (MB): peak = 867.086 ; gain = 22.945
run all
wrong at index f
=====================================
Test end!
----FAIL!!!
function    : 0
num1        : 00
num2        : 00
reference   : 00000000
test module : 00000001
$finish called at time : 7055 ns : File "E:/GitHub/ComputerSystem/LogicDesign/Experiment/Exp6/calculator_hex/calculator_hex.srcs/sim_1/imports/Exp6/testbench.v" Line 152
run all
wrong at index f
=====================================
Test end!
----FAIL!!!
function    : 0
num1        : 00
num2        : 00
reference   : 00000000
test module : 00000001
$finish called at time : 7105 ns : File "E:/GitHub/ComputerSystem/LogicDesign/Experiment/Exp6/calculator_hex/calculator_hex.srcs/sim_1/imports/Exp6/testbench.v" Line 152
close_sim
INFO: [Simtcl 6-16] Simulation closed
exit
INFO: [Common 17-206] Exiting Vivado at Mon Dec 13 22:53:57 2021...
