Vivado Simulator 2018.3
Copyright 1986-1999, 2001-2018 Xilinx, Inc. All Rights Reserved.
Running: D:/ProgLangToolkit/Xilinx/Vivado/2018.3/bin/unwrapped/win64.o/xelab.exe -wto d69e0731f7b14e50863ee15a87050ac3 --incr --debug typical --relax --mt 2 -L blk_mem_gen_v8_4_2 -L xil_defaultlib -L unisims_ver -L unimacro_ver -L secureip -L xpm --snapshot testbench_behav xil_defaultlib.testbench xil_defaultlib.glbl -log elaborate.log 
Using 2 slave threads.
Starting static elaboration
WARNING: [VRFC 10-3091] actual bit length 32 differs from formal bit length 8 for port 'dina' [D:/Projects/GitHub/computer-system/comp-organ/lab4/cache/driver.sv:45]
WARNING: [VRFC 10-3091] actual bit length 32 differs from formal bit length 1 for port 'wea' [D:/Projects/GitHub/computer-system/comp-organ/lab4/cache/driver.sv:46]
Completed static elaboration
Starting simulation data flow analysis
WARNING: [XSIM 43-4099] "D:/Projects/GitHub/computer-system/comp-organ/lab4/cache/driver.sv" Line 1. Module driver doesn't have a timescale but at least one module in design has a timescale.
Completed simulation data flow analysis
Time Resolution for simulation is 1ps
Compiling module blk_mem_gen_v8_4_2.blk_mem_gen_v8_4_2_output_stage(...
Compiling module blk_mem_gen_v8_4_2.blk_mem_gen_v8_4_2_softecc_outpu...
Compiling module blk_mem_gen_v8_4_2.blk_mem_gen_v8_4_2_mem_module(C_...
Compiling module blk_mem_gen_v8_4_2.blk_mem_gen_v8_4_2(C_ELABORATION...
Compiling module xil_defaultlib.blk_mem
Compiling module blk_mem_gen_v8_4_2.blk_mem_gen_v8_4_2_output_stage(...
Compiling module blk_mem_gen_v8_4_2.blk_mem_gen_v8_4_2_softecc_outpu...
Compiling module blk_mem_gen_v8_4_2.blk_mem_gen_v8_4_2_mem_module(C_...
Compiling module blk_mem_gen_v8_4_2.blk_mem_gen_v8_4_2(C_ELABORATION...
Compiling module xil_defaultlib.blk_mem_gen_0
Compiling module xil_defaultlib.cache
Compiling module xil_defaultlib.mem_wrap
Compiling module xil_defaultlib.driver
Compiling module xil_defaultlib.testbench
Compiling module xil_defaultlib.glbl
Built simulation snapshot testbench_behav
