#-----------------------------------------------------------
# Vivado v2018.3 (64-bit)
# SW Build 2405991 on Thu Dec  6 23:38:27 MST 2018
# IP Build 2404404 on Fri Dec  7 01:43:56 MST 2018
# Start of session at: Fri May 13 15:03:04 2022
# Process ID: 4340
# Current directory: D:/Projects/GitHub/computer-system/comp-organ/lab4/cache
# Command line: vivado.exe -gui_launcher_event rodinguilauncherevent12552 D:\Projects\GitHub\computer-system\comp-organ\lab4\cache\cache.xpr
# Log file: D:/Projects/GitHub/computer-system/comp-organ/lab4/cache/vivado.log
# Journal file: D:/Projects/GitHub/computer-system/comp-organ/lab4/cache\vivado.jou
#-----------------------------------------------------------
start_gui
open_project D:/Projects/GitHub/computer-system/comp-organ/lab4/cache/cache.xpr
INFO: [Project 1-313] Project file moved from 'D:/cache' since last save.
Scanning sources...
Finished scanning sources
INFO: [IP_Flow 19-234] Refreshing IP repositories
INFO: [IP_Flow 19-1704] No user IP repositories specified
INFO: [IP_Flow 19-2313] Loaded Vivado IP repository 'D:/ProgLangToolkit/Xilinx/Vivado/2018.3/data/ip'.
open_project: Time (s): cpu = 00:00:17 ; elapsed = 00:00:08 . Memory (MB): peak = 810.855 ; gain = 164.348
update_compile_order -fileset sources_1
