Copyright 1986-2018 Xilinx, Inc. All Rights Reserved.
--------------------------------------------------------------------------------------------------------------------------------------------------------------------
| Tool Version : Vivado v.2018.3 (win64) Build 2405991 Thu Dec  6 23:38:27 MST 2018
| Date         : Wed Nov 10 00:01:42 2021
| Host         : 612-19 running 64-bit major release  (build 9200)
| Command      : report_methodology -file decoder_38_methodology_drc_routed.rpt -pb decoder_38_methodology_drc_routed.pb -rpx decoder_38_methodology_drc_routed.rpx
| Design       : decoder_38
| Device       : xc7a100tfgg484-1
| Speed File   : -1
| Design State : Fully Routed
--------------------------------------------------------------------------------------------------------------------------------------------------------------------

Report Methodology

Table of Contents
-----------------
1. REPORT SUMMARY
2. REPORT DETAILS

1. REPORT SUMMARY
-----------------
            Netlist: netlist
          Floorplan: design_1
      Design limits: <entire design considered>
             Max violations: <unlimited>
             Violations found: 16
+--------+----------+-------------------------------------------------+------------+
| Rule   | Severity | Description                                     | Violations |
+--------+----------+-------------------------------------------------+------------+
| XDCC-5 | Warning  | User Non-Timing constraint/property overwritten | 16         |
+--------+----------+-------------------------------------------------+------------+

2. REPORT DETAILS
-----------------
XDCC-5#1 Warning
User Non-Timing constraint/property overwritten  
A new XDC property IOSTANDARD on clk overrides a previous user property.
New Source: C:/Users/Administrator/Desktop/Experiment/decoder_38/decoder_38.srcs/constrs_1/new/clock.xdc (Line: 19)
Previous Source: C:/Users/Administrator/Desktop/Experiment/decoder_38/decoder_38.srcs/constrs_1/new/pin.xdc (Line: 18)
Related violations: <none>

XDCC-5#2 Warning
User Non-Timing constraint/property overwritten  
A new XDC property IOSTANDARD on enable[0] overrides a previous user property.
New Source: C:/Users/Administrator/Desktop/Experiment/decoder_38/decoder_38.srcs/constrs_1/new/clock.xdc (Line: 6)
Previous Source: C:/Users/Administrator/Desktop/Experiment/decoder_38/decoder_38.srcs/constrs_1/new/pin.xdc (Line: 22)
Related violations: <none>

XDCC-5#3 Warning
User Non-Timing constraint/property overwritten  
A new XDC property IOSTANDARD on enable[1] overrides a previous user property.
New Source: C:/Users/Administrator/Desktop/Experiment/decoder_38/decoder_38.srcs/constrs_1/new/clock.xdc (Line: 5)
Previous Source: C:/Users/Administrator/Desktop/Experiment/decoder_38/decoder_38.srcs/constrs_1/new/pin.xdc (Line: 21)
Related violations: <none>

XDCC-5#4 Warning
User Non-Timing constraint/property overwritten  
A new XDC property IOSTANDARD on enable[2] overrides a previous user property.
New Source: C:/Users/Administrator/Desktop/Experiment/decoder_38/decoder_38.srcs/constrs_1/new/clock.xdc (Line: 4)
Previous Source: C:/Users/Administrator/Desktop/Experiment/decoder_38/decoder_38.srcs/constrs_1/new/pin.xdc (Line: 20)
Related violations: <none>

XDCC-5#5 Warning
User Non-Timing constraint/property overwritten  
A new XDC property IOSTANDARD on led[0] overrides a previous user property.
New Source: C:/Users/Administrator/Desktop/Experiment/decoder_38/decoder_38.srcs/constrs_1/new/clock.xdc (Line: 14)
Previous Source: C:/Users/Administrator/Desktop/Experiment/decoder_38/decoder_38.srcs/constrs_1/new/pin.xdc (Line: 33)
Related violations: <none>

XDCC-5#6 Warning
User Non-Timing constraint/property overwritten  
A new XDC property IOSTANDARD on led[1] overrides a previous user property.
New Source: C:/Users/Administrator/Desktop/Experiment/decoder_38/decoder_38.srcs/constrs_1/new/clock.xdc (Line: 13)
Previous Source: C:/Users/Administrator/Desktop/Experiment/decoder_38/decoder_38.srcs/constrs_1/new/pin.xdc (Line: 32)
Related violations: <none>

XDCC-5#7 Warning
User Non-Timing constraint/property overwritten  
A new XDC property IOSTANDARD on led[2] overrides a previous user property.
New Source: C:/Users/Administrator/Desktop/Experiment/decoder_38/decoder_38.srcs/constrs_1/new/clock.xdc (Line: 12)
Previous Source: C:/Users/Administrator/Desktop/Experiment/decoder_38/decoder_38.srcs/constrs_1/new/pin.xdc (Line: 31)
Related violations: <none>

XDCC-5#8 Warning
User Non-Timing constraint/property overwritten  
A new XDC property IOSTANDARD on led[3] overrides a previous user property.
New Source: C:/Users/Administrator/Desktop/Experiment/decoder_38/decoder_38.srcs/constrs_1/new/clock.xdc (Line: 11)
Previous Source: C:/Users/Administrator/Desktop/Experiment/decoder_38/decoder_38.srcs/constrs_1/new/pin.xdc (Line: 30)
Related violations: <none>

XDCC-5#9 Warning
User Non-Timing constraint/property overwritten  
A new XDC property IOSTANDARD on led[4] overrides a previous user property.
New Source: C:/Users/Administrator/Desktop/Experiment/decoder_38/decoder_38.srcs/constrs_1/new/clock.xdc (Line: 10)
Previous Source: C:/Users/Administrator/Desktop/Experiment/decoder_38/decoder_38.srcs/constrs_1/new/pin.xdc (Line: 29)
Related violations: <none>

XDCC-5#10 Warning
User Non-Timing constraint/property overwritten  
A new XDC property IOSTANDARD on led[5] overrides a previous user property.
New Source: C:/Users/Administrator/Desktop/Experiment/decoder_38/decoder_38.srcs/constrs_1/new/clock.xdc (Line: 9)
Previous Source: C:/Users/Administrator/Desktop/Experiment/decoder_38/decoder_38.srcs/constrs_1/new/pin.xdc (Line: 28)
Related violations: <none>

XDCC-5#11 Warning
User Non-Timing constraint/property overwritten  
A new XDC property IOSTANDARD on led[6] overrides a previous user property.
New Source: C:/Users/Administrator/Desktop/Experiment/decoder_38/decoder_38.srcs/constrs_1/new/clock.xdc (Line: 8)
Previous Source: C:/Users/Administrator/Desktop/Experiment/decoder_38/decoder_38.srcs/constrs_1/new/pin.xdc (Line: 27)
Related violations: <none>

XDCC-5#12 Warning
User Non-Timing constraint/property overwritten  
A new XDC property IOSTANDARD on led[7] overrides a previous user property.
New Source: C:/Users/Administrator/Desktop/Experiment/decoder_38/decoder_38.srcs/constrs_1/new/clock.xdc (Line: 7)
Previous Source: C:/Users/Administrator/Desktop/Experiment/decoder_38/decoder_38.srcs/constrs_1/new/pin.xdc (Line: 26)
Related violations: <none>

XDCC-5#13 Warning
User Non-Timing constraint/property overwritten  
A new XDC property IOSTANDARD on rst overrides a previous user property.
New Source: C:/Users/Administrator/Desktop/Experiment/decoder_38/decoder_38.srcs/constrs_1/new/clock.xdc (Line: 20)
Previous Source: C:/Users/Administrator/Desktop/Experiment/decoder_38/decoder_38.srcs/constrs_1/new/pin.xdc (Line: 19)
Related violations: <none>

XDCC-5#14 Warning
User Non-Timing constraint/property overwritten  
A new XDC property IOSTANDARD on switch[0] overrides a previous user property.
New Source: C:/Users/Administrator/Desktop/Experiment/decoder_38/decoder_38.srcs/constrs_1/new/clock.xdc (Line: 17)
Previous Source: C:/Users/Administrator/Desktop/Experiment/decoder_38/decoder_38.srcs/constrs_1/new/pin.xdc (Line: 25)
Related violations: <none>

XDCC-5#15 Warning
User Non-Timing constraint/property overwritten  
A new XDC property IOSTANDARD on switch[1] overrides a previous user property.
New Source: C:/Users/Administrator/Desktop/Experiment/decoder_38/decoder_38.srcs/constrs_1/new/clock.xdc (Line: 16)
Previous Source: C:/Users/Administrator/Desktop/Experiment/decoder_38/decoder_38.srcs/constrs_1/new/pin.xdc (Line: 24)
Related violations: <none>

XDCC-5#16 Warning
User Non-Timing constraint/property overwritten  
A new XDC property IOSTANDARD on switch[2] overrides a previous user property.
New Source: C:/Users/Administrator/Desktop/Experiment/decoder_38/decoder_38.srcs/constrs_1/new/clock.xdc (Line: 15)
Previous Source: C:/Users/Administrator/Desktop/Experiment/decoder_38/decoder_38.srcs/constrs_1/new/pin.xdc (Line: 23)
Related violations: <none>


