Copyright 1986-2018 Xilinx, Inc. All Rights Reserved.
---------------------------------------------------------------------------------------
| Tool Version : Vivado v.2018.3 (win64) Build 2405991 Thu Dec  6 23:38:27 MST 2018
| Date         : Sun Dec  5 18:21:22 2021
| Host         : LAPTOP-GOHVDH8E running 64-bit major release  (build 9200)
| Command      : report_control_sets -verbose -file memory_top_control_sets_placed.rpt
| Design       : memory_top
| Device       : xc7a100t
---------------------------------------------------------------------------------------

Control Set Information

Table of Contents
-----------------
1. Summary
2. Histogram
3. Flip-Flop Distribution
4. Detailed Control Set Information

1. Summary
----------

+----------------------------------------------------------+-------+
|                          Status                          | Count |
+----------------------------------------------------------+-------+
| Number of unique control sets                            |     3 |
| Unused register locations in slices containing registers |    11 |
+----------------------------------------------------------+-------+


2. Histogram
------------

+--------+--------------+
| Fanout | Control Sets |
+--------+--------------+
|      6 |            1 |
|    16+ |            2 |
+--------+--------------+


3. Flip-Flop Distribution
-------------------------

+--------------+-----------------------+------------------------+-----------------+--------------+
| Clock Enable | Synchronous Set/Reset | Asynchronous Set/Reset | Total Registers | Total Slices |
+--------------+-----------------------+------------------------+-----------------+--------------+
| No           | No                    | No                     |               0 |            0 |
| No           | No                    | Yes                    |              26 |            7 |
| No           | Yes                   | No                     |               0 |            0 |
| Yes          | No                    | No                     |               0 |            0 |
| Yes          | No                    | Yes                    |              27 |           12 |
| Yes          | Yes                   | No                     |               0 |            0 |
+--------------+-----------------------+------------------------+-----------------+--------------+


4. Detailed Control Set Information
-----------------------------------

+-------------------+---------------------------------+------------------+------------------+----------------+
|    Clock Signal   |          Enable Signal          | Set/Reset Signal | Slice Load Count | Bel Load Count |
+-------------------+---------------------------------+------------------+------------------+----------------+
|  clk_IBUF_BUFG    |                                 | rst_IBUF         |                3 |              6 |
|  u_memory_w_r/CLK |                                 | rst_IBUF         |                4 |             20 |
|  clk_IBUF_BUFG    | u_memory_w_r/cnt_1s[26]_i_1_n_0 | rst_IBUF         |               12 |             27 |
+-------------------+---------------------------------+------------------+------------------+----------------+


